#
# There is insufficient memory for the Java Runtime Environment to continue.
# Native memory allocation (malloc) failed to allocate 484656 bytes for Chunk::new
# Possible reasons:
#   The system is out of physical RAM or swap space
#   The process is running with CompressedOops enabled, and the Java Heap may be blocking the growth of the native heap
# Possible solutions:
#   Reduce memory load on the system
#   Increase physical memory or swap space
#   Check if swap backing store is full
#   Decrease Java heap size (-Xmx/-Xms)
#   Decrease number of Java threads
#   Decrease Java thread stack sizes (-Xss)
#   Set larger code cache with -XX:ReservedCodeCacheSize=
#   JVM is running with Unscaled Compressed Oops mode in which the Java heap is
#     placed in the first 4GB address space. The Java Heap base address is the
#     maximum limit for the native heap growth. Please use -XX:HeapBaseMinAddress
#     to set the Java Heap base and to place the Java Heap above 4GB virtual address.
# This output file may be truncated or incomplete.
#
#  Out of Memory Error (arena.cpp:168), pid=3204, tid=188
#
# JRE version: Java(TM) SE Runtime Environment (21.0.8+12) (build 21.0.8+12-LTS-250)
# Java VM: Java HotSpot(TM) 64-Bit Server VM (21.0.8+12-LTS-250, mixed mode, sharing, tiered, compressed oops, compressed class ptrs, g1 gc, windows-amd64)
# No core dump will be written. Minidumps are not enabled by default on client versions of Windows
#

---------------  S U M M A R Y ------------

Command Line: --enable-native-access=ALL-UNNAMED -Dclassworlds.conf=C:\Program Files\apache-maven-3.9.11\bin\m2.conf -Dmaven.home=C:\Program Files\apache-maven-3.9.11 -Dlibrary.jansi.path=C:\Program Files\apache-maven-3.9.11\lib\jansi-native -Dmaven.multiModuleProjectDirectory=C:\Users\Nelson\Downloads\speedrun org.codehaus.plexus.classworlds.launcher.Launcher clean compile

Host: Intel(R) Core(TM) i3-2100 CPU @ 3.10GHz, 4 cores, 3G,  Windows 10 , 64 bit Build 19041 (10.0.19041.5915)
Time: Wed Dec 10 22:39:03 2025 Hora estándar de Argentina elapsed time: 24.049213 seconds (0d 0h 0m 24s)

---------------  T H R E A D  ---------------

Current thread (0x00000217c59d1900):  JavaThread "C2 CompilerThread0" daemon [_thread_in_native, id=188, stack(0x000000aa3f800000,0x000000aa3f900000) (1024K)]


Current CompileTask:
C2:  24050 7260       4       com.sun.tools.javac.code.Symtab::lookupPackage (259 bytes)

Stack: [0x000000aa3f800000,0x000000aa3f900000]
Native frames: (J=compiled Java code, j=interpreted, Vv=VM code, C=native code)
V  [jvm.dll+0x6cc179]
V  [jvm.dll+0x8584c1]
V  [jvm.dll+0x85a9ee]
V  [jvm.dll+0x85b0c3]
V  [jvm.dll+0x27ebf6]
V  [jvm.dll+0xc4f4d]
V  [jvm.dll+0xc5483]
V  [jvm.dll+0x3b6a82]
V  [jvm.dll+0x382a35]
V  [jvm.dll+0x381eaa]
V  [jvm.dll+0x247670]
V  [jvm.dll+0x246c4f]
V  [jvm.dll+0x1c7a3e]
V  [jvm.dll+0x256359]
V  [jvm.dll+0x2548ea]
V  [jvm.dll+0x3efef6]
V  [jvm.dll+0x80279b]
V  [jvm.dll+0x6ca85d]
C  [ucrtbase.dll+0x21bb2]
C  [KERNEL32.DLL+0x17374]
C  [ntdll.dll+0x4cc91]


---------------  P R O C E S S  ---------------

Threads class SMR info:
_java_thread_list=0x000002180b607f10, length=12, elements={
0x00000217a8e09940, 0x00000217a8ece860, 0x00000217c59c58d0, 0x00000217c59cce30,
0x00000217c59cd880, 0x00000217c59ced10, 0x00000217c59cff00, 0x00000217c59d1900,
0x00000217c59f57e0, 0x00000217c5c4b190, 0x00000217c5c4fdd0, 0x000002180b59e650
}

Java Threads: ( => current thread )
  0x00000217a8e09940 JavaThread "main"                              [_thread_in_vm, id=7296, stack(0x000000aa3ea00000,0x000000aa3eb00000) (1024K)]
  0x00000217a8ece860 JavaThread "Reference Handler"          daemon [_thread_blocked, id=7096, stack(0x000000aa3f200000,0x000000aa3f300000) (1024K)]
  0x00000217c59c58d0 JavaThread "Finalizer"                  daemon [_thread_blocked, id=9884, stack(0x000000aa3f300000,0x000000aa3f400000) (1024K)]
  0x00000217c59cce30 JavaThread "Signal Dispatcher"          daemon [_thread_blocked, id=9856, stack(0x000000aa3f400000,0x000000aa3f500000) (1024K)]
  0x00000217c59cd880 JavaThread "Attach Listener"            daemon [_thread_blocked, id=10344, stack(0x000000aa3f500000,0x000000aa3f600000) (1024K)]
  0x00000217c59ced10 JavaThread "Service Thread"             daemon [_thread_blocked, id=13660, stack(0x000000aa3f600000,0x000000aa3f700000) (1024K)]
  0x00000217c59cff00 JavaThread "Monitor Deflation Thread"   daemon [_thread_blocked, id=2960, stack(0x000000aa3f700000,0x000000aa3f800000) (1024K)]
=>0x00000217c59d1900 JavaThread "C2 CompilerThread0"         daemon [_thread_in_native, id=188, stack(0x000000aa3f800000,0x000000aa3f900000) (1024K)]
  0x00000217c59f57e0 JavaThread "C1 CompilerThread0"         daemon [_thread_blocked, id=14084, stack(0x000000aa3f900000,0x000000aa3fa00000) (1024K)]
  0x00000217c5c4b190 JavaThread "Notification Thread"        daemon [_thread_blocked, id=13548, stack(0x000000aa3fa00000,0x000000aa3fb00000) (1024K)]
  0x00000217c5c4fdd0 JavaThread "Common-Cleaner"             daemon [_thread_blocked, id=5396, stack(0x000000aa3fb00000,0x000000aa3fc00000) (1024K)]
  0x000002180b59e650 JavaThread "Thread-1"                   daemon [_thread_blocked, id=12864, stack(0x000000aa3fc00000,0x000000aa3fd00000) (1024K)]
Total: 12

Other Threads:
  0x00000217a8eba280 VMThread "VM Thread"                           [id=3936, stack(0x000000aa3f100000,0x000000aa3f200000) (1024K)]
  0x00000217c59bab40 WatcherThread "VM Periodic Task Thread"        [id=14968, stack(0x000000aa3f000000,0x000000aa3f100000) (1024K)]
  0x00000217a8e36940 WorkerThread "GC Thread#0"                     [id=3500, stack(0x000000aa3eb00000,0x000000aa3ec00000) (1024K)]
  0x000002180b2c51e0 WorkerThread "GC Thread#1"                     [id=14624, stack(0x000000aa3fd00000,0x000000aa3fe00000) (1024K)]
  0x000002180b6b0460 WorkerThread "GC Thread#2"                     [id=14176, stack(0x000000aa3fe00000,0x000000aa3ff00000) (1024K)]
  0x000002180b6417c0 WorkerThread "GC Thread#3"                     [id=13372, stack(0x000000aa3ff00000,0x000000aa40000000) (1024K)]
  0x00000217a8e40500 ConcurrentGCThread "G1 Main Marker"            [id=12868, stack(0x000000aa3ec00000,0x000000aa3ed00000) (1024K)]
  0x00000217a8e40f10 WorkerThread "G1 Conc#0"                       [id=7484, stack(0x000000aa3ed00000,0x000000aa3ee00000) (1024K)]
  0x00000217a8e990e0 ConcurrentGCThread "G1 Refine#0"               [id=4760, stack(0x000000aa3ee00000,0x000000aa3ef00000) (1024K)]
  0x00000217a8e9ab70 ConcurrentGCThread "G1 Service"                [id=14620, stack(0x000000aa3ef00000,0x000000aa3f000000) (1024K)]
Total: 10

Threads with active compile tasks:
C2 CompilerThread0    35121 7260       4       com.sun.tools.javac.code.Symtab::lookupPackage (259 bytes)
Total: 1

VM state: not at safepoint (normal execution)

VM Mutex/Monitor currently owned by a thread: None

Heap address: 0x00000000c1a00000, size: 998 MB, Compressed Oops mode: 32-bit

CDS archive(s) mapped at: [0x00000217c6000000-0x00000217c6c90000-0x00000217c6c90000), size 13172736, SharedBaseAddress: 0x00000217c6000000, ArchiveRelocationMode: 1.
Compressed class space mapped at: 0x00000217c7000000-0x0000021807000000, reserved size: 1073741824
Narrow klass base: 0x00000217c6000000, Narrow klass shift: 0, Narrow klass range: 0x100000000

GC Precious Log:
 CardTable entry size: 512
 Card Set container configuration: InlinePtr #cards 5 size 8 Array Of Cards #cards 12 size 40 Howl #buckets 4 coarsen threshold 1843 Howl Bitmap #cards 512 size 80 coarsen threshold 460 Card regions per heap region 1 cards per card region 2048
 CPUs: 4 total, 4 available
 Memory: 3986M
 Large Page Support: Disabled
 NUMA Support: Disabled
 Compressed Oops: Enabled (32-bit)
 Heap Region Size: 1M
 Heap Min Capacity: 8M
 Heap Initial Capacity: 64M
 Heap Max Capacity: 998M
 Pre-touch: Disabled
 Parallel Workers: 4
 Concurrent Workers: 1
 Concurrent Refinement Workers: 4
 Periodic GC: Disabled

Heap:
 garbage-first heap   total 83968K, used 68980K [0x00000000c1a00000, 0x0000000100000000)
  region size 1024K, 33 young (33792K), 3 survivors (3072K)
 Metaspace       used 31712K, committed 32256K, reserved 1114112K
  class space    used 3580K, committed 3776K, reserved 1048576K

Heap Regions: E=young(eden), S=young(survivor), O=old, HS=humongous(starts), HC=humongous(continues), CS=collection set, F=free, TAMS=top-at-mark-start, PB=parsable bottom
|   0|0x00000000c1a00000, 0x00000000c1b00000, 0x00000000c1b00000|100%| O|  |TAMS 0x00000000c1a00000| PB 0x00000000c1a00000| Untracked 
|   1|0x00000000c1b00000, 0x00000000c1c00000, 0x00000000c1c00000|100%| O|  |TAMS 0x00000000c1b00000| PB 0x00000000c1b00000| Untracked 
|   2|0x00000000c1c00000, 0x00000000c1d00000, 0x00000000c1d00000|100%| O|  |TAMS 0x00000000c1c00000| PB 0x00000000c1c00000| Untracked 
|   3|0x00000000c1d00000, 0x00000000c1e00000, 0x00000000c1e00000|100%| O|  |TAMS 0x00000000c1d00000| PB 0x00000000c1d00000| Untracked 
|   4|0x00000000c1e00000, 0x00000000c1f00000, 0x00000000c1f00000|100%| O|  |TAMS 0x00000000c1e00000| PB 0x00000000c1e00000| Untracked 
|   5|0x00000000c1f00000, 0x00000000c2000000, 0x00000000c2000000|100%| O|  |TAMS 0x00000000c1f00000| PB 0x00000000c1f00000| Untracked 
|   6|0x00000000c2000000, 0x00000000c2100000, 0x00000000c2100000|100%| O|  |TAMS 0x00000000c2000000| PB 0x00000000c2000000| Untracked 
|   7|0x00000000c2100000, 0x00000000c2200000, 0x00000000c2200000|100%| O|  |TAMS 0x00000000c2100000| PB 0x00000000c2100000| Untracked 
|   8|0x00000000c2200000, 0x00000000c2300000, 0x00000000c2300000|100%| O|  |TAMS 0x00000000c2200000| PB 0x00000000c2200000| Untracked 
|   9|0x00000000c2300000, 0x00000000c2400000, 0x00000000c2400000|100%| O|  |TAMS 0x00000000c2300000| PB 0x00000000c2300000| Untracked 
|  10|0x00000000c2400000, 0x00000000c2500000, 0x00000000c2500000|100%| O|  |TAMS 0x00000000c2400000| PB 0x00000000c2400000| Untracked 
|  11|0x00000000c2500000, 0x00000000c2600000, 0x00000000c2600000|100%| O|  |TAMS 0x00000000c2500000| PB 0x00000000c2500000| Untracked 
|  12|0x00000000c2600000, 0x00000000c2700000, 0x00000000c2700000|100%| O|  |TAMS 0x00000000c2600000| PB 0x00000000c2600000| Untracked 
|  13|0x00000000c2700000, 0x00000000c2800000, 0x00000000c2800000|100%|HS|  |TAMS 0x00000000c2700000| PB 0x00000000c2700000| Complete 
|  14|0x00000000c2800000, 0x00000000c2800000, 0x00000000c2900000|  0%| F|  |TAMS 0x00000000c2800000| PB 0x00000000c2800000| Untracked 
|  15|0x00000000c2900000, 0x00000000c2900000, 0x00000000c2a00000|  0%| F|  |TAMS 0x00000000c2900000| PB 0x00000000c2900000| Untracked 
|  16|0x00000000c2a00000, 0x00000000c2a00000, 0x00000000c2b00000|  0%| F|  |TAMS 0x00000000c2a00000| PB 0x00000000c2a00000| Untracked 
|  17|0x00000000c2b00000, 0x00000000c2c00000, 0x00000000c2c00000|100%|HS|  |TAMS 0x00000000c2b00000| PB 0x00000000c2b00000| Complete 
|  18|0x00000000c2c00000, 0x00000000c2d00000, 0x00000000c2d00000|100%|HC|  |TAMS 0x00000000c2c00000| PB 0x00000000c2c00000| Complete 
|  19|0x00000000c2d00000, 0x00000000c2e00000, 0x00000000c2e00000|100%|HC|  |TAMS 0x00000000c2d00000| PB 0x00000000c2d00000| Complete 
|  20|0x00000000c2e00000, 0x00000000c2f00000, 0x00000000c2f00000|100%| O|  |TAMS 0x00000000c2e00000| PB 0x00000000c2e00000| Untracked 
|  21|0x00000000c2f00000, 0x00000000c3000000, 0x00000000c3000000|100%| O|  |TAMS 0x00000000c2f00000| PB 0x00000000c2f00000| Untracked 
|  22|0x00000000c3000000, 0x00000000c3100000, 0x00000000c3100000|100%| O|  |TAMS 0x00000000c3000000| PB 0x00000000c3000000| Untracked 
|  23|0x00000000c3100000, 0x00000000c3200000, 0x00000000c3200000|100%| O|  |TAMS 0x00000000c3100000| PB 0x00000000c3100000| Untracked 
|  24|0x00000000c3200000, 0x00000000c3300000, 0x00000000c3300000|100%| O|  |TAMS 0x00000000c3200000| PB 0x00000000c3200000| Untracked 
|  25|0x00000000c3300000, 0x00000000c3400000, 0x00000000c3400000|100%| O|  |TAMS 0x00000000c3300000| PB 0x00000000c3300000| Untracked 
|  26|0x00000000c3400000, 0x00000000c3500000, 0x00000000c3500000|100%| O|  |TAMS 0x00000000c3400000| PB 0x00000000c3400000| Untracked 
|  27|0x00000000c3500000, 0x00000000c3600000, 0x00000000c3600000|100%| O|  |TAMS 0x00000000c3500000| PB 0x00000000c3500000| Untracked 
|  28|0x00000000c3600000, 0x00000000c3700000, 0x00000000c3700000|100%| O|  |TAMS 0x00000000c3600000| PB 0x00000000c3600000| Untracked 
|  29|0x00000000c3700000, 0x00000000c3800000, 0x00000000c3800000|100%| O|  |TAMS 0x00000000c3700000| PB 0x00000000c3700000| Untracked 
|  30|0x00000000c3800000, 0x00000000c3800000, 0x00000000c3900000|  0%| F|  |TAMS 0x00000000c3800000| PB 0x00000000c3800000| Untracked 
|  31|0x00000000c3900000, 0x00000000c3900000, 0x00000000c3a00000|  0%| F|  |TAMS 0x00000000c3900000| PB 0x00000000c3900000| Untracked 
|  32|0x00000000c3a00000, 0x00000000c3b00000, 0x00000000c3b00000|100%| O|  |TAMS 0x00000000c3a00000| PB 0x00000000c3a00000| Untracked 
|  33|0x00000000c3b00000, 0x00000000c3c00000, 0x00000000c3c00000|100%| O|  |TAMS 0x00000000c3b00000| PB 0x00000000c3b00000| Untracked 
|  34|0x00000000c3c00000, 0x00000000c3d00000, 0x00000000c3d00000|100%| O|  |TAMS 0x00000000c3c00000| PB 0x00000000c3c00000| Untracked 
|  35|0x00000000c3d00000, 0x00000000c3e00000, 0x00000000c3e00000|100%| O|  |TAMS 0x00000000c3d00000| PB 0x00000000c3d00000| Untracked 
|  36|0x00000000c3e00000, 0x00000000c3f00000, 0x00000000c3f00000|100%| O|Cm|TAMS 0x00000000c3e00000| PB 0x00000000c3e00000| Complete 
|  37|0x00000000c3f00000, 0x00000000c3f00000, 0x00000000c4000000|  0%| F|  |TAMS 0x00000000c3f00000| PB 0x00000000c3f00000| Untracked 
|  38|0x00000000c4000000, 0x00000000c4000000, 0x00000000c4100000|  0%| F|  |TAMS 0x00000000c4000000| PB 0x00000000c4000000| Untracked 
|  39|0x00000000c4100000, 0x00000000c4100000, 0x00000000c4200000|  0%| F|  |TAMS 0x00000000c4100000| PB 0x00000000c4100000| Untracked 
|  40|0x00000000c4200000, 0x00000000c4200000, 0x00000000c4300000|  0%| F|  |TAMS 0x00000000c4200000| PB 0x00000000c4200000| Untracked 
|  41|0x00000000c4300000, 0x00000000c4300000, 0x00000000c4400000|  0%| F|  |TAMS 0x00000000c4300000| PB 0x00000000c4300000| Untracked 
|  42|0x00000000c4400000, 0x00000000c4400000, 0x00000000c4500000|  0%| F|  |TAMS 0x00000000c4400000| PB 0x00000000c4400000| Untracked 
|  43|0x00000000c4500000, 0x00000000c4500000, 0x00000000c4600000|  0%| F|  |TAMS 0x00000000c4500000| PB 0x00000000c4500000| Untracked 
|  44|0x00000000c4600000, 0x00000000c4600000, 0x00000000c4700000|  0%| F|  |TAMS 0x00000000c4600000| PB 0x00000000c4600000| Untracked 
|  45|0x00000000c4700000, 0x00000000c4800000, 0x00000000c4800000|100%| E|  |TAMS 0x00000000c4700000| PB 0x00000000c4700000| Complete 
|  46|0x00000000c4800000, 0x00000000c4900000, 0x00000000c4900000|100%| E|CS|TAMS 0x00000000c4800000| PB 0x00000000c4800000| Complete 
|  47|0x00000000c4900000, 0x00000000c4a00000, 0x00000000c4a00000|100%| E|CS|TAMS 0x00000000c4900000| PB 0x00000000c4900000| Complete 
|  48|0x00000000c4a00000, 0x00000000c4a5d070, 0x00000000c4b00000| 36%| S|CS|TAMS 0x00000000c4a00000| PB 0x00000000c4a00000| Complete 
|  49|0x00000000c4b00000, 0x00000000c4c00000, 0x00000000c4c00000|100%| S|CS|TAMS 0x00000000c4b00000| PB 0x00000000c4b00000| Complete 
|  50|0x00000000c4c00000, 0x00000000c4d00000, 0x00000000c4d00000|100%| S|CS|TAMS 0x00000000c4c00000| PB 0x00000000c4c00000| Complete 
|  51|0x00000000c4d00000, 0x00000000c4e00000, 0x00000000c4e00000|100%| E|CS|TAMS 0x00000000c4d00000| PB 0x00000000c4d00000| Complete 
|  52|0x00000000c4e00000, 0x00000000c4f00000, 0x00000000c4f00000|100%| E|CS|TAMS 0x00000000c4e00000| PB 0x00000000c4e00000| Complete 
|  53|0x00000000c4f00000, 0x00000000c5000000, 0x00000000c5000000|100%| E|CS|TAMS 0x00000000c4f00000| PB 0x00000000c4f00000| Complete 
|  54|0x00000000c5000000, 0x00000000c5100000, 0x00000000c5100000|100%| E|CS|TAMS 0x00000000c5000000| PB 0x00000000c5000000| Complete 
|  55|0x00000000c5100000, 0x00000000c5200000, 0x00000000c5200000|100%| E|CS|TAMS 0x00000000c5100000| PB 0x00000000c5100000| Complete 
|  56|0x00000000c5200000, 0x00000000c5300000, 0x00000000c5300000|100%| E|CS|TAMS 0x00000000c5200000| PB 0x00000000c5200000| Complete 
|  57|0x00000000c5300000, 0x00000000c5400000, 0x00000000c5400000|100%| E|CS|TAMS 0x00000000c5300000| PB 0x00000000c5300000| Complete 
|  58|0x00000000c5400000, 0x00000000c5500000, 0x00000000c5500000|100%| E|CS|TAMS 0x00000000c5400000| PB 0x00000000c5400000| Complete 
|  59|0x00000000c5500000, 0x00000000c5600000, 0x00000000c5600000|100%| E|CS|TAMS 0x00000000c5500000| PB 0x00000000c5500000| Complete 
|  60|0x00000000c5600000, 0x00000000c5700000, 0x00000000c5700000|100%| E|CS|TAMS 0x00000000c5600000| PB 0x00000000c5600000| Complete 
|  61|0x00000000c5700000, 0x00000000c5800000, 0x00000000c5800000|100%| E|CS|TAMS 0x00000000c5700000| PB 0x00000000c5700000| Complete 
|  62|0x00000000c5800000, 0x00000000c5900000, 0x00000000c5900000|100%| E|CS|TAMS 0x00000000c5800000| PB 0x00000000c5800000| Complete 
|  63|0x00000000c5900000, 0x00000000c5a00000, 0x00000000c5a00000|100%| E|CS|TAMS 0x00000000c5900000| PB 0x00000000c5900000| Complete 
|  64|0x00000000c5a00000, 0x00000000c5b00000, 0x00000000c5b00000|100%| E|CS|TAMS 0x00000000c5a00000| PB 0x00000000c5a00000| Complete 
|  65|0x00000000c5b00000, 0x00000000c5c00000, 0x00000000c5c00000|100%| E|CS|TAMS 0x00000000c5b00000| PB 0x00000000c5b00000| Complete 
|  66|0x00000000c5c00000, 0x00000000c5d00000, 0x00000000c5d00000|100%| E|CS|TAMS 0x00000000c5c00000| PB 0x00000000c5c00000| Complete 
|  67|0x00000000c5d00000, 0x00000000c5e00000, 0x00000000c5e00000|100%| E|CS|TAMS 0x00000000c5d00000| PB 0x00000000c5d00000| Complete 
|  68|0x00000000c5e00000, 0x00000000c5f00000, 0x00000000c5f00000|100%| E|CS|TAMS 0x00000000c5e00000| PB 0x00000000c5e00000| Complete 
|  69|0x00000000c5f00000, 0x00000000c6000000, 0x00000000c6000000|100%| E|CS|TAMS 0x00000000c5f00000| PB 0x00000000c5f00000| Complete 
|  70|0x00000000c6000000, 0x00000000c6100000, 0x00000000c6100000|100%| E|CS|TAMS 0x00000000c6000000| PB 0x00000000c6000000| Complete 
|  71|0x00000000c6100000, 0x00000000c6200000, 0x00000000c6200000|100%| E|CS|TAMS 0x00000000c6100000| PB 0x00000000c6100000| Complete 
|  72|0x00000000c6200000, 0x00000000c6300000, 0x00000000c6300000|100%| E|CS|TAMS 0x00000000c6200000| PB 0x00000000c6200000| Complete 
|  73|0x00000000c6300000, 0x00000000c6400000, 0x00000000c6400000|100%| E|CS|TAMS 0x00000000c6300000| PB 0x00000000c6300000| Complete 
|  74|0x00000000c6400000, 0x00000000c6500000, 0x00000000c6500000|100%| E|CS|TAMS 0x00000000c6400000| PB 0x00000000c6400000| Complete 
|  75|0x00000000c6500000, 0x00000000c6600000, 0x00000000c6600000|100%| E|CS|TAMS 0x00000000c6500000| PB 0x00000000c6500000| Complete 
|  76|0x00000000c6600000, 0x00000000c6700000, 0x00000000c6700000|100%| E|CS|TAMS 0x00000000c6600000| PB 0x00000000c6600000| Complete 
|  77|0x00000000c6700000, 0x00000000c6800000, 0x00000000c6800000|100%| E|CS|TAMS 0x00000000c6700000| PB 0x00000000c6700000| Complete 
| 994|0x00000000ffc00000, 0x00000000ffd00000, 0x00000000ffd00000|100%| O|  |TAMS 0x00000000ffc00000| PB 0x00000000ffc00000| Untracked 
| 995|0x00000000ffd00000, 0x00000000ffe00000, 0x00000000ffe00000|100%| O|  |TAMS 0x00000000ffd00000| PB 0x00000000ffd00000| Untracked 
| 996|0x00000000ffe00000, 0x00000000fff00000, 0x00000000fff00000|100%| O|  |TAMS 0x00000000ffe00000| PB 0x00000000ffe00000| Untracked 
| 997|0x00000000fff00000, 0x0000000100000000, 0x0000000100000000|100%| O|  |TAMS 0x00000000fff00000| PB 0x00000000fff00000| Untracked 

Card table byte_map: [0x00000217c2280000,0x00000217c2480000] _byte_map_base: 0x00000217c1c73000

Marking Bits: (CMBitMap*) 0x00000217a8e37f60
 Bits: [0x00000217c2480000, 0x00000217c3418000)

Polling page: 0x00000217a8be0000

Metaspace:

Usage:
  Non-class:     27.48 MB used.
      Class:      3.50 MB used.
       Both:     30.97 MB used.

Virtual space:
  Non-class space:       64.00 MB reserved,      27.81 MB ( 43%) committed,  1 nodes.
      Class space:        1.00 GB reserved,       3.69 MB ( <1%) committed,  1 nodes.
             Both:        1.06 GB reserved,      31.50 MB (  3%) committed. 

Chunk freelists:
   Non-Class:  3.86 MB
       Class:  12.26 MB
        Both:  16.12 MB

MaxMetaspaceSize: unlimited
CompressedClassSpaceSize: 1.00 GB
Initial GC threshold: 21.00 MB
Current GC threshold: 46.25 MB
CDS: on
 - commit_granule_bytes: 65536.
 - commit_granule_words: 8192.
 - virtual_space_node_default_size: 8388608.
 - enlarge_chunks_in_place: 1.
 - use_allocation_guard: 0.


Internal statistics:

num_allocs_failed_limit: 3.
num_arena_births: 554.
num_arena_deaths: 0.
num_vsnodes_births: 2.
num_vsnodes_deaths: 0.
num_space_committed: 504.
num_space_uncommitted: 0.
num_chunks_returned_to_freelist: 3.
num_chunks_taken_from_freelist: 1751.
num_chunk_merges: 3.
num_chunk_splits: 1211.
num_chunks_enlarged: 893.
num_inconsistent_stats: 0.

CodeHeap 'non-profiled nmethods': size=120000Kb used=3109Kb max_used=3109Kb free=116890Kb
 bounds [0x00000217ba520000, 0x00000217ba830000, 0x00000217c1a50000]
CodeHeap 'profiled nmethods': size=120000Kb used=14868Kb max_used=14868Kb free=105131Kb
 bounds [0x00000217b2a50000, 0x00000217b38e0000, 0x00000217b9f80000]
CodeHeap 'non-nmethods': size=5760Kb used=1470Kb max_used=1525Kb free=4289Kb
 bounds [0x00000217b9f80000, 0x00000217ba1f0000, 0x00000217ba520000]
 total_blobs=7486 nmethods=6935 adapters=455
 compilation: enabled
              stopped_count=0, restarted_count=0
 full_count=0

Compilation events (20 events):
Event: 23.993 Thread 0x00000217c59f57e0 7388       2       com.sun.tools.javac.code.Types$DescriptorFilter::test (9 bytes)
Event: 23.993 Thread 0x00000217c59f57e0 nmethod 7388 0x00000217b3834810 code [0x00000217b38349c0, 0x00000217b3834b20]
Event: 23.993 Thread 0x00000217c59f57e0 7389       2       com.sun.tools.javac.code.Types$DescriptorFilter::test (82 bytes)
Event: 23.994 Thread 0x00000217c59f57e0 nmethod 7389 0x00000217b3834c10 code [0x00000217b3834de0, 0x00000217b38350a0]
Event: 23.994 Thread 0x00000217c59f57e0 7390       2       com.sun.tools.javac.code.Symbol$MethodSymbol::overrides (252 bytes)
Event: 23.997 Thread 0x00000217c59f57e0 nmethod 7390 0x00000217b3835290 code [0x00000217b38355e0, 0x00000217b3836418]
Event: 23.997 Thread 0x00000217c59f57e0 7393       2       com.sun.tools.javac.comp.LambdaToMethod$LambdaAnalyzerPreprocessor::context (58 bytes)
Event: 23.998 Thread 0x00000217c59f57e0 nmethod 7393 0x00000217b3836f90 code [0x00000217b3837180, 0x00000217b3837588]
Event: 23.998 Thread 0x00000217c59f57e0 7391       2       com.sun.tools.javac.code.Scope$CompoundScope::getSymbols (9 bytes)
Event: 23.999 Thread 0x00000217c59f57e0 nmethod 7391 0x00000217b3837790 code [0x00000217b3837940, 0x00000217b3837bc8]
Event: 23.999 Thread 0x00000217c59f57e0 7392       2       com.sun.tools.javac.code.Scope$CompoundScope$$Lambda/0x00000217c7384000::<init> (20 bytes)
Event: 23.999 Thread 0x00000217c59f57e0 nmethod 7392 0x00000217b3837d10 code [0x00000217b3837ec0, 0x00000217b38380d8]
Event: 24.000 Thread 0x00000217c59f57e0 7394       2       com.sun.tools.javac.tree.JCTree$JCExpression::setType (8 bytes)
Event: 24.000 Thread 0x00000217c59f57e0 nmethod 7394 0x00000217b3838190 code [0x00000217b3838320, 0x00000217b3838478]
Event: 24.014 Thread 0x00000217c59f57e0 7395       1       com.sun.tools.javac.file.PathFileObject::getPath (5 bytes)
Event: 24.014 Thread 0x00000217c59f57e0 nmethod 7395 0x00000217ba824e90 code [0x00000217ba825020, 0x00000217ba8250e8]
Event: 24.014 Thread 0x00000217c59f57e0 7396       2       com.sun.tools.javac.jvm.ClassReader$AnnotationDeproxy::deproxyCompoundList (46 bytes)
Event: 24.015 Thread 0x00000217c59f57e0 nmethod 7396 0x00000217b3838510 code [0x00000217b38386e0, 0x00000217b38389f0]
Event: 24.017 Thread 0x00000217c59f57e0 7397       2       com.sun.tools.javac.code.Types::cvarUpperBound (37 bytes)
Event: 24.018 Thread 0x00000217c59f57e0 nmethod 7397 0x00000217b3838b90 code [0x00000217b3838d60, 0x00000217b3838fd0]

GC Heap History (20 events):
Event: 2.907 GC heap before
{Heap before GC invocations=1 (full 0):
 garbage-first heap   total 65536K, used 18560K [0x00000000c1a00000, 0x0000000100000000)
  region size 1024K, 17 young (17408K), 2 survivors (2048K)
 Metaspace       used 5983K, committed 6144K, reserved 1114112K
  class space    used 693K, committed 768K, reserved 1048576K
}
Event: 2.916 GC heap after
{Heap after GC invocations=2 (full 0):
 garbage-first heap   total 65536K, used 4065K [0x00000000c1a00000, 0x0000000100000000)
  region size 1024K, 1 young (1024K), 1 survivors (1024K)
 Metaspace       used 5983K, committed 6144K, reserved 1114112K
  class space    used 693K, committed 768K, reserved 1048576K
}
Event: 4.814 GC heap before
{Heap before GC invocations=2 (full 0):
 garbage-first heap   total 65536K, used 40929K [0x00000000c1a00000, 0x0000000100000000)
  region size 1024K, 38 young (38912K), 1 survivors (1024K)
 Metaspace       used 12089K, committed 12288K, reserved 1114112K
  class space    used 1449K, committed 1536K, reserved 1048576K
}
Event: 4.826 GC heap after
{Heap after GC invocations=3 (full 0):
 garbage-first heap   total 65536K, used 6823K [0x00000000c1a00000, 0x0000000100000000)
  region size 1024K, 4 young (4096K), 4 survivors (4096K)
 Metaspace       used 12089K, committed 12288K, reserved 1114112K
  class space    used 1449K, committed 1536K, reserved 1048576K
}
Event: 6.456 GC heap before
{Heap before GC invocations=3 (full 0):
 garbage-first heap   total 65536K, used 41639K [0x00000000c1a00000, 0x0000000100000000)
  region size 1024K, 38 young (38912K), 4 survivors (4096K)
 Metaspace       used 15613K, committed 15872K, reserved 1114112K
  class space    used 1818K, committed 1920K, reserved 1048576K
}
Event: 6.477 GC heap after
{Heap after GC invocations=4 (full 0):
 garbage-first heap   total 65536K, used 11716K [0x00000000c1a00000, 0x0000000100000000)
  region size 1024K, 5 young (5120K), 5 survivors (5120K)
 Metaspace       used 15613K, committed 15872K, reserved 1114112K
  class space    used 1818K, committed 1920K, reserved 1048576K
}
Event: 7.566 GC heap before
{Heap before GC invocations=4 (full 0):
 garbage-first heap   total 65536K, used 45508K [0x00000000c1a00000, 0x0000000100000000)
  region size 1024K, 38 young (38912K), 5 survivors (5120K)
 Metaspace       used 16086K, committed 16384K, reserved 1114112K
  class space    used 1842K, committed 1984K, reserved 1048576K
}
Event: 7.586 GC heap after
{Heap after GC invocations=5 (full 0):
 garbage-first heap   total 65536K, used 14256K [0x00000000c1a00000, 0x0000000100000000)
  region size 1024K, 3 young (3072K), 3 survivors (3072K)
 Metaspace       used 16086K, committed 16384K, reserved 1114112K
  class space    used 1842K, committed 1984K, reserved 1048576K
}
Event: 11.445 GC heap before
{Heap before GC invocations=5 (full 0):
 garbage-first heap   total 65536K, used 50096K [0x00000000c1a00000, 0x0000000100000000)
  region size 1024K, 38 young (38912K), 3 survivors (3072K)
 Metaspace       used 17721K, committed 18048K, reserved 1114112K
  class space    used 2005K, committed 2176K, reserved 1048576K
}
Event: 11.459 GC heap after
{Heap after GC invocations=6 (full 0):
 garbage-first heap   total 65536K, used 15360K [0x00000000c1a00000, 0x0000000100000000)
  region size 1024K, 2 young (2048K), 2 survivors (2048K)
 Metaspace       used 17721K, committed 18048K, reserved 1114112K
  class space    used 2005K, committed 2176K, reserved 1048576K
}
Event: 13.058 GC heap before
{Heap before GC invocations=6 (full 0):
 garbage-first heap   total 65536K, used 44032K [0x00000000c1a00000, 0x0000000100000000)
  region size 1024K, 24 young (24576K), 2 survivors (2048K)
 Metaspace       used 21149K, committed 21504K, reserved 1114112K
  class space    used 2413K, committed 2560K, reserved 1048576K
}
Event: 13.079 GC heap after
{Heap after GC invocations=7 (full 0):
 garbage-first heap   total 65536K, used 26056K [0x00000000c1a00000, 0x0000000100000000)
  region size 1024K, 5 young (5120K), 5 survivors (5120K)
 Metaspace       used 21149K, committed 21504K, reserved 1114112K
  class space    used 2413K, committed 2560K, reserved 1048576K
}
Event: 16.611 GC heap before
{Heap before GC invocations=8 (full 0):
 garbage-first heap   total 65536K, used 54728K [0x00000000c1a00000, 0x0000000100000000)
  region size 1024K, 32 young (32768K), 5 survivors (5120K)
 Metaspace       used 26240K, committed 26560K, reserved 1114112K
  class space    used 2964K, committed 3136K, reserved 1048576K
}
Event: 16.641 GC heap after
{Heap after GC invocations=9 (full 0):
 garbage-first heap   total 69632K, used 36352K [0x00000000c1a00000, 0x0000000100000000)
  region size 1024K, 4 young (4096K), 4 survivors (4096K)
 Metaspace       used 26240K, committed 26560K, reserved 1114112K
  class space    used 2964K, committed 3136K, reserved 1048576K
}
Event: 17.484 GC heap before
{Heap before GC invocations=9 (full 0):
 garbage-first heap   total 69632K, used 55808K [0x00000000c1a00000, 0x0000000100000000)
  region size 1024K, 23 young (23552K), 4 survivors (4096K)
 Metaspace       used 26793K, committed 27200K, reserved 1114112K
  class space    used 3026K, committed 3200K, reserved 1048576K
}
Event: 17.512 GC heap after
{Heap after GC invocations=10 (full 0):
 garbage-first heap   total 69632K, used 39936K [0x00000000c1a00000, 0x0000000100000000)
  region size 1024K, 3 young (3072K), 3 survivors (3072K)
 Metaspace       used 26793K, committed 27200K, reserved 1114112K
  class space    used 3026K, committed 3200K, reserved 1048576K
}
Event: 19.981 GC heap before
{Heap before GC invocations=10 (full 0):
 garbage-first heap   total 69632K, used 57344K [0x00000000c1a00000, 0x0000000100000000)
  region size 1024K, 21 young (21504K), 3 survivors (3072K)
 Metaspace       used 27968K, committed 28352K, reserved 1114112K
  class space    used 3148K, committed 3328K, reserved 1048576K
}
Event: 19.994 GC heap after
{Heap after GC invocations=11 (full 0):
 garbage-first heap   total 83968K, used 41555K [0x00000000c1a00000, 0x0000000100000000)
  region size 1024K, 2 young (2048K), 2 survivors (2048K)
 Metaspace       used 27968K, committed 28352K, reserved 1114112K
  class space    used 3148K, committed 3328K, reserved 1048576K
}
Event: 21.854 GC heap before
{Heap before GC invocations=12 (full 0):
 garbage-first heap   total 83968K, used 65107K [0x00000000c1a00000, 0x0000000100000000)
  region size 1024K, 29 young (29696K), 2 survivors (2048K)
 Metaspace       used 29549K, committed 30016K, reserved 1114112K
  class space    used 3335K, committed 3520K, reserved 1048576K
}
Event: 21.889 GC heap after
{Heap after GC invocations=13 (full 0):
 garbage-first heap   total 83968K, used 39284K [0x00000000c1a00000, 0x0000000100000000)
  region size 1024K, 3 young (3072K), 3 survivors (3072K)
 Metaspace       used 29549K, committed 30016K, reserved 1114112K
  class space    used 3335K, committed 3520K, reserved 1048576K
}

Dll operation events (8 events):
Event: 0.014 Loaded shared library C:\Program Files\Java\jdk-21\bin\java.dll
Event: 0.086 Loaded shared library C:\Program Files\Java\jdk-21\bin\jsvml.dll
Event: 0.140 Loaded shared library C:\Program Files\Java\jdk-21\bin\net.dll
Event: 0.144 Loaded shared library C:\Program Files\Java\jdk-21\bin\nio.dll
Event: 0.152 Loaded shared library C:\Program Files\Java\jdk-21\bin\zip.dll
Event: 0.525 Loaded shared library C:\Program Files\apache-maven-3.9.11\lib\jansi-native\Windows\x86_64\jansi.dll
Event: 0.588 Loaded shared library C:\Program Files\Java\jdk-21\bin\verify.dll
Event: 0.684 Loaded shared library C:\Program Files\Java\jdk-21\bin\jimage.dll

Deoptimization events (20 events):
Event: 22.464 Thread 0x00000217a8e09940 Uncommon trap: trap_request=0xffffffc6 fr.pc=0x00000217ba6bc9e0 relative=0x0000000000000740
Event: 22.464 Thread 0x00000217a8e09940 Uncommon trap: reason=bimorphic_or_optimized_type_check action=maybe_recompile pc=0x00000217ba6bc9e0 method=java.util.HashMap.putVal(ILjava/lang/Object;Ljava/lang/Object;ZZ)Ljava/lang/Object; @ 253 c2
Event: 22.464 Thread 0x00000217a8e09940 DEOPT PACKING pc=0x00000217ba6bc9e0 sp=0x000000aa3eafdf40
Event: 22.464 Thread 0x00000217a8e09940 DEOPT UNPACKING pc=0x00000217b9fd46a2 sp=0x000000aa3eafdef0 mode 2
Event: 22.499 Thread 0x00000217a8e09940 DEOPT PACKING pc=0x00000217b2e2e98e sp=0x000000aa3eafcff0
Event: 22.499 Thread 0x00000217a8e09940 DEOPT UNPACKING pc=0x00000217b9fd4e42 sp=0x000000aa3eafc4d8 mode 0
Event: 22.582 Thread 0x00000217a8e09940 Uncommon trap: trap_request=0xffffff45 fr.pc=0x00000217ba7f6278 relative=0x00000000000012f8
Event: 22.582 Thread 0x00000217a8e09940 Uncommon trap: reason=unstable_if action=reinterpret pc=0x00000217ba7f6278 method=lombok.launch.PackageShader.apply([B)Z @ 190 c2
Event: 22.582 Thread 0x00000217a8e09940 DEOPT PACKING pc=0x00000217ba7f6278 sp=0x000000aa3eafcea0
Event: 22.582 Thread 0x00000217a8e09940 DEOPT UNPACKING pc=0x00000217b9fd46a2 sp=0x000000aa3eafce80 mode 2
Event: 22.585 Thread 0x00000217a8e09940 Uncommon trap: trap_request=0xffffff45 fr.pc=0x00000217ba7f2aac relative=0x000000000000092c
Event: 22.585 Thread 0x00000217a8e09940 Uncommon trap: reason=unstable_if action=reinterpret pc=0x00000217ba7f2aac method=lombok.launch.PackageShader.apply([B)Z @ 190 c2
Event: 22.585 Thread 0x00000217a8e09940 DEOPT PACKING pc=0x00000217ba7f2aac sp=0x000000aa3eaf97e0
Event: 22.586 Thread 0x00000217a8e09940 DEOPT UNPACKING pc=0x00000217b9fd46a2 sp=0x000000aa3eaf9760 mode 2
Event: 22.605 Thread 0x00000217a8e09940 DEOPT PACKING pc=0x00000217b3798d67 sp=0x000000aa3eafd1d0
Event: 22.605 Thread 0x00000217a8e09940 DEOPT UNPACKING pc=0x00000217b9fd4e42 sp=0x000000aa3eafc670 mode 0
Event: 23.313 Thread 0x00000217a8e09940 DEOPT PACKING pc=0x00000217b2a5e6c4 sp=0x000000aa3eafc160
Event: 23.313 Thread 0x00000217a8e09940 DEOPT UNPACKING pc=0x00000217b9fd4e42 sp=0x000000aa3eafb6b8 mode 0
Event: 23.389 Thread 0x00000217a8e09940 DEOPT PACKING pc=0x00000217b37b2734 sp=0x000000aa3eafc610
Event: 23.389 Thread 0x00000217a8e09940 DEOPT UNPACKING pc=0x00000217b9fd4e42 sp=0x000000aa3eafbb48 mode 1

Classes loaded (20 events):
Event: 22.890 Loading class java/util/EnumMap$EntrySet
Event: 22.890 Loading class java/util/EnumMap$EntrySet done
Event: 22.890 Loading class java/util/EnumMap$EntryIterator
Event: 22.891 Loading class java/util/EnumMap$EnumMapIterator
Event: 22.891 Loading class java/util/EnumMap$EnumMapIterator done
Event: 22.891 Loading class java/util/EnumMap$EntryIterator done
Event: 22.892 Loading class java/util/EnumMap$EntryIterator$Entry
Event: 22.892 Loading class java/util/EnumMap$EntryIterator$Entry done
Event: 23.132 Loading class java/util/function/ToIntBiFunction
Event: 23.132 Loading class java/util/function/ToIntBiFunction done
Event: 24.022 Loading class java/lang/runtime/ObjectMethods
Event: 24.023 Loading class java/lang/runtime/ObjectMethods done
Event: 24.026 Loading class java/lang/invoke/MethodHandleImpl$Makers
Event: 24.026 Loading class java/lang/invoke/MethodHandleImpl$Makers done
Event: 24.026 Loading class java/lang/invoke/MethodHandleImpl$Makers$1
Event: 24.027 Loading class java/lang/invoke/MethodHandleImpl$Makers$1 done
Event: 24.027 Loading class java/lang/invoke/MethodHandleImpl$Makers$2
Event: 24.027 Loading class java/lang/invoke/MethodHandleImpl$Makers$2 done
Event: 24.027 Loading class java/lang/invoke/MethodHandleImpl$Makers$3
Event: 24.027 Loading class java/lang/invoke/MethodHandleImpl$Makers$3 done

Classes unloaded (0 events):
No events

Classes redefined (0 events):
No events

Internal exceptions (20 events):
Event: 22.493 Thread 0x00000217a8e09940 Exception <a 'sun/nio/fs/WindowsException'{0x00000000c577ce98}> (0x00000000c577ce98) 
thrown [s\open\src\hotspot\share\prims\jni.cpp, line 520]
Event: 22.502 Thread 0x00000217a8e09940 Exception <a 'sun/nio/fs/WindowsException'{0x00000000c5795ee8}> (0x00000000c5795ee8) 
thrown [s\open\src\hotspot\share\prims\jni.cpp, line 520]
Event: 22.502 Thread 0x00000217a8e09940 Exception <a 'sun/nio/fs/WindowsException'{0x00000000c5796608}> (0x00000000c5796608) 
thrown [s\open\src\hotspot\share\prims\jni.cpp, line 520]
Event: 22.502 Thread 0x00000217a8e09940 Exception <a 'sun/nio/fs/WindowsException'{0x00000000c5796c98}> (0x00000000c5796c98) 
thrown [s\open\src\hotspot\share\prims\jni.cpp, line 520]
Event: 22.502 Thread 0x00000217a8e09940 Exception <a 'sun/nio/fs/WindowsException'{0x00000000c5797388}> (0x00000000c5797388) 
thrown [s\open\src\hotspot\share\prims\jni.cpp, line 520]
Event: 22.503 Thread 0x00000217a8e09940 Exception <a 'sun/nio/fs/WindowsException'{0x00000000c5797a60}> (0x00000000c5797a60) 
thrown [s\open\src\hotspot\share\prims\jni.cpp, line 520]
Event: 22.783 Thread 0x00000217a8e09940 Exception <a 'java/lang/NoSuchMethodError'{0x00000000c56ee828}: 'int java.lang.invoke.DirectMethodHandle$Holder.invokeVirtual(java.lang.Object, java.lang.Object, java.lang.Object, java.lang.Object)'> (0x00000000c56ee828) 
thrown [s\open\src\hotspot\share\interpreter\linkResolver.cpp, line 773]
Event: 22.796 Thread 0x00000217a8e09940 Exception <a 'java/lang/NoSuchMethodError'{0x00000000c56f8450}: 'java.lang.Object java.lang.invoke.DirectMethodHandle$Holder.newInvokeSpecial(java.lang.Object, java.lang.Object, int, java.lang.Object)'> (0x00000000c56f8450) 
thrown [s\open\src\hotspot\share\interpreter\linkResolver.cpp, line 773]
Event: 23.146 Thread 0x00000217a8e09940 Exception <a 'sun/nio/fs/WindowsException'{0x00000000c55ed958}> (0x00000000c55ed958) 
thrown [s\open\src\hotspot\share\prims\jni.cpp, line 520]
Event: 23.147 Thread 0x00000217a8e09940 Exception <a 'sun/nio/fs/WindowsException'{0x00000000c55ee020}> (0x00000000c55ee020) 
thrown [s\open\src\hotspot\share\prims\jni.cpp, line 520]
Event: 23.147 Thread 0x00000217a8e09940 Exception <a 'sun/nio/fs/WindowsException'{0x00000000c55ee8a0}> (0x00000000c55ee8a0) 
thrown [s\open\src\hotspot\share\prims\jni.cpp, line 520]
Event: 23.147 Thread 0x00000217a8e09940 Exception <a 'sun/nio/fs/WindowsException'{0x00000000c55eefe8}> (0x00000000c55eefe8) 
thrown [s\open\src\hotspot\share\prims\jni.cpp, line 520]
Event: 23.332 Thread 0x00000217a8e09940 Exception <a 'java/lang/NoSuchMethodError'{0x00000000c530ef60}: 'java.lang.Object java.lang.invoke.DirectMethodHandle$Holder.newInvokeSpecial(java.lang.Object, java.lang.Object, java.lang.Object, java.lang.Object, java.lang.Object, java.lang.Object, java.lang.Object, java.lang.Object)'> (0x00000000c530ef60) 
thrown [s\open\src\hotspot\share\interpreter\linkResolver.cpp, line 773]
Event: 23.382 Thread 0x00000217a8e09940 Exception <a 'sun/nio/fs/WindowsException'{0x00000000c53370d0}> (0x00000000c53370d0) 
thrown [s\open\src\hotspot\share\prims\jni.cpp, line 520]
Event: 23.383 Thread 0x00000217a8e09940 Exception <a 'sun/nio/fs/WindowsException'{0x00000000c53446e0}> (0x00000000c53446e0) 
thrown [s\open\src\hotspot\share\prims\jni.cpp, line 520]
Event: 23.385 Thread 0x00000217a8e09940 Exception <a 'sun/nio/fs/WindowsException'{0x00000000c5368e00}> (0x00000000c5368e00) 
thrown [s\open\src\hotspot\share\prims\jni.cpp, line 520]
Event: 23.795 Thread 0x00000217a8e09940 Exception <a 'java/lang/NoSuchMethodError'{0x00000000c514dcb0}: 'java.lang.Object java.lang.invoke.DirectMethodHandle$Holder.newInvokeSpecial(java.lang.Object, java.lang.Object, java.lang.Object, java.lang.Object, java.lang.Object, java.lang.Object, java.lang.Object, int)'> (0x00000000c514dcb0) 
thrown [s\open\src\hotspot\share\interpreter\linkResolver.cpp, line 773]
Event: 23.795 Thread 0x00000217a8e09940 Exception <a 'java/lang/NoSuchMethodError'{0x00000000c5152ad8}: 'java.lang.Object java.lang.invoke.DirectMethodHandle$Holder.invokeSpecial(java.lang.Object, java.lang.Object, java.lang.Object, java.lang.Object, java.lang.Object, java.lang.Object, java.lang.Object, java.lang.Object, int)'> (0x00000000c5152ad8) 
thrown [s\open\src\hotspot\share\interpreter\linkResolver.cpp, line 773]
Event: 24.024 Thread 0x00000217a8e09940 Exception <a 'java/lang/NoSuchMethodError'{0x00000000c4e2e7a8}: 'java.lang.Object java.lang.invoke.DirectMethodHandle$Holder.invokeStaticInit(java.lang.Object, java.lang.Object, java.lang.Object, java.lang.Object, java.lang.Object, java.lang.Object, java.lang.Object)'> (0x00000000c4e2e7a8) 
thrown [s\open\src\hotspot\share\interpreter\linkResolver.cpp, line 773]
Event: 24.025 Thread 0x00000217a8e09940 Exception <a 'java/lang/NoSuchMethodError'{0x00000000c4e33d58}: 'java.lang.Object java.lang.invoke.Invokers$Holder.invoke_MT(java.lang.Object, java.lang.Object, java.lang.Object, java.lang.Object, java.lang.Object, java.lang.Object, java.lang.Object, java.lang.Object, java.lang.Object, java.lang.Object)'> (0x00000000c4e33d58) 
thrown [s\open\src\hotspot\share\interpreter\linkResolver.cpp, line 773]

ZGC Phase Switch (0 events):
No events

VM Operations (20 events):
Event: 22.206 Executing VM operation: ICBufferFull
Event: 22.207 Executing VM operation: ICBufferFull done
Event: 22.409 Executing VM operation: HandshakeAllThreads (Deoptimize)
Event: 22.409 Executing VM operation: HandshakeAllThreads (Deoptimize) done
Event: 22.413 Executing VM operation: HandshakeAllThreads (Deoptimize)
Event: 22.413 Executing VM operation: HandshakeAllThreads (Deoptimize) done
Event: 22.571 Executing VM operation: HandshakeAllThreads (Deoptimize)
Event: 22.571 Executing VM operation: HandshakeAllThreads (Deoptimize) done
Event: 22.607 Executing VM operation: ICBufferFull
Event: 22.607 Executing VM operation: ICBufferFull done
Event: 23.311 Executing VM operation: HandshakeAllThreads (Deoptimize)
Event: 23.312 Executing VM operation: HandshakeAllThreads (Deoptimize) done
Event: 23.313 Executing VM operation: HandshakeAllThreads (Deoptimize)
Event: 23.313 Executing VM operation: HandshakeAllThreads (Deoptimize) done
Event: 23.371 Executing VM operation: ICBufferFull
Event: 23.371 Executing VM operation: ICBufferFull done
Event: 23.389 Executing VM operation: HandshakeAllThreads (Deoptimize)
Event: 23.389 Executing VM operation: HandshakeAllThreads (Deoptimize) done
Event: 23.923 Executing VM operation: ICBufferFull
Event: 23.923 Executing VM operation: ICBufferFull done

Events (20 events):
Event: 20.105 Thread 0x00000217a8eba280 flushing nmethod 0x00000217b3327390
Event: 20.105 Thread 0x00000217a8eba280 flushing nmethod 0x00000217b3381790
Event: 20.105 Thread 0x00000217a8eba280 flushing nmethod 0x00000217b33c6510
Event: 20.105 Thread 0x00000217a8eba280 flushing nmethod 0x00000217b3452c90
Event: 20.105 Thread 0x00000217a8eba280 flushing nmethod 0x00000217b3454310
Event: 20.105 Thread 0x00000217a8eba280 flushing nmethod 0x00000217b3454790
Event: 20.105 Thread 0x00000217a8eba280 flushing nmethod 0x00000217b3454e90
Event: 20.105 Thread 0x00000217a8eba280 flushing nmethod 0x00000217b3455690
Event: 20.105 Thread 0x00000217a8eba280 flushing nmethod 0x00000217b3456f90
Event: 20.105 Thread 0x00000217a8eba280 flushing nmethod 0x00000217b3457990
Event: 20.105 Thread 0x00000217a8eba280 flushing nmethod 0x00000217b3457f10
Event: 20.105 Thread 0x00000217a8eba280 flushing nmethod 0x00000217b3458310
Event: 20.105 Thread 0x00000217a8eba280 flushing nmethod 0x00000217b3458690
Event: 20.105 Thread 0x00000217a8eba280 flushing nmethod 0x00000217b3458c10
Event: 20.105 Thread 0x00000217a8eba280 flushing nmethod 0x00000217b3459190
Event: 20.105 Thread 0x00000217a8eba280 flushing nmethod 0x00000217b3459710
Event: 20.105 Thread 0x00000217a8eba280 flushing nmethod 0x00000217b3459c90
Event: 20.105 Thread 0x00000217a8eba280 flushing nmethod 0x00000217b345a210
Event: 20.105 Thread 0x00000217a8eba280 flushing nmethod 0x00000217b345c410
Event: 20.105 Thread 0x00000217a8eba280 flushing nmethod 0x00000217b345cb10


Dynamic libraries:
0x00007ff77b400000 - 0x00007ff77b410000 	C:\Program Files\Java\jdk-21\bin\java.exe
0x00007ffa29a30000 - 0x00007ffa29c28000 	C:\Windows\SYSTEM32\ntdll.dll
0x00007ff9ff490000 - 0x00007ff9ff4b0000 	C:\Program Files\Avast Software\Avast\aswhook.dll
0x00007ffa28c30000 - 0x00007ffa28cf2000 	C:\Windows\System32\KERNEL32.DLL
0x00007ffa27670000 - 0x00007ffa27966000 	C:\Windows\System32\KERNELBASE.dll
0x00007ffa27140000 - 0x00007ffa27240000 	C:\Windows\System32\ucrtbase.dll
0x00007ffa016c0000 - 0x00007ffa016d9000 	C:\Program Files\Java\jdk-21\bin\jli.dll
0x00007ffa28810000 - 0x00007ffa288c1000 	C:\Windows\System32\ADVAPI32.dll
0x00007ffa28d70000 - 0x00007ffa28e0e000 	C:\Windows\System32\msvcrt.dll
0x00007ffa29910000 - 0x00007ffa299af000 	C:\Windows\System32\sechost.dll
0x00007ffa296d0000 - 0x00007ffa297f0000 	C:\Windows\System32\RPCRT4.dll
0x00007ffa27970000 - 0x00007ffa27997000 	C:\Windows\System32\bcrypt.dll
0x00007ffa28660000 - 0x00007ffa28801000 	C:\Windows\System32\USER32.dll
0x00007ffa27450000 - 0x00007ffa27472000 	C:\Windows\System32\win32u.dll
0x00007ffa28e20000 - 0x00007ffa28e4b000 	C:\Windows\System32\GDI32.dll
0x00007ffa272e0000 - 0x00007ffa273f9000 	C:\Windows\System32\gdi32full.dll
0x00007ffa27240000 - 0x00007ffa272dd000 	C:\Windows\System32\msvcp_win.dll
0x00007ff9fd280000 - 0x00007ff9fd29b000 	C:\Program Files\Java\jdk-21\bin\VCRUNTIME140.dll
0x00007ffa10c40000 - 0x00007ffa10edb000 	C:\Windows\WinSxS\amd64_microsoft.windows.common-controls_6595b64144ccf1df_6.0.19041.6456_none_60b8a6cb71f64256\COMCTL32.dll
0x00007ffa21540000 - 0x00007ffa2154a000 	C:\Windows\SYSTEM32\VERSION.dll
0x00007ffa28630000 - 0x00007ffa2865f000 	C:\Windows\System32\IMM32.DLL
0x00007ffa20880000 - 0x00007ffa2088c000 	C:\Program Files\Java\jdk-21\bin\vcruntime140_1.dll
0x00007ff9dfdc0000 - 0x00007ff9dfe4e000 	C:\Program Files\Java\jdk-21\bin\msvcp140.dll
0x00007ff9b24f0000 - 0x00007ff9b320d000 	C:\Program Files\Java\jdk-21\bin\server\jvm.dll
0x00007ffa28d00000 - 0x00007ffa28d6b000 	C:\Windows\System32\WS2_32.dll
0x00007ffa26f20000 - 0x00007ffa26f6b000 	C:\Windows\SYSTEM32\POWRPROF.dll
0x00007ffa10ff0000 - 0x00007ffa11017000 	C:\Windows\SYSTEM32\WINMM.dll
0x00007ffa26f00000 - 0x00007ffa26f12000 	C:\Windows\SYSTEM32\UMPDC.dll
0x00007ffa24f50000 - 0x00007ffa24f62000 	C:\Windows\SYSTEM32\kernel.appcore.dll
0x00007ffa110e0000 - 0x00007ffa110ea000 	C:\Program Files\Java\jdk-21\bin\jimage.dll
0x00007ffa204e0000 - 0x00007ffa206e1000 	C:\Windows\SYSTEM32\DBGHELP.DLL
0x00007ffa20230000 - 0x00007ffa20264000 	C:\Windows\SYSTEM32\dbgcore.DLL
0x00007ffa27480000 - 0x00007ffa27502000 	C:\Windows\System32\bcryptPrimitives.dll
0x00007ff9fd260000 - 0x00007ff9fd27f000 	C:\Program Files\Java\jdk-21\bin\java.dll
0x00007ffa28e50000 - 0x00007ffa295c0000 	C:\Windows\System32\SHELL32.dll
0x00007ffa25150000 - 0x00007ffa258f5000 	C:\Windows\SYSTEM32\windows.storage.dll
0x00007ffa288d0000 - 0x00007ffa28c24000 	C:\Windows\System32\combase.dll
0x00007ffa26a10000 - 0x00007ffa26a3b000 	C:\Windows\SYSTEM32\Wldp.dll
0x00007ffa27a50000 - 0x00007ffa27b1d000 	C:\Windows\System32\OLEAUT32.dll
0x00007ffa27db0000 - 0x00007ffa27e5d000 	C:\Windows\System32\SHCORE.dll
0x00007ffa27d50000 - 0x00007ffa27dab000 	C:\Windows\System32\shlwapi.dll
0x00007ffa26ff0000 - 0x00007ffa27014000 	C:\Windows\SYSTEM32\profapi.dll
0x00007ff9da5f0000 - 0x00007ff9da6c7000 	C:\Program Files\Java\jdk-21\bin\jsvml.dll
0x00007ffa0d720000 - 0x00007ffa0d730000 	C:\Program Files\Java\jdk-21\bin\net.dll
0x00007ffa20be0000 - 0x00007ffa20cea000 	C:\Windows\SYSTEM32\WINHTTP.dll
0x00007ffa26770000 - 0x00007ffa267da000 	C:\Windows\system32\mswsock.dll
0x00007ff9fb5f0000 - 0x00007ff9fb606000 	C:\Program Files\Java\jdk-21\bin\nio.dll
0x00007ff9fb3d0000 - 0x00007ff9fb3e8000 	C:\Program Files\Java\jdk-21\bin\zip.dll
0x00007ff9f6070000 - 0x00007ff9f6094000 	C:\Program Files\apache-maven-3.9.11\lib\jansi-native\Windows\x86_64\jansi.dll
0x00007ffa01770000 - 0x00007ffa01780000 	C:\Program Files\Java\jdk-21\bin\verify.dll
0x00007ffa262e0000 - 0x00007ffa26313000 	C:\Windows\SYSTEM32\ntmarta.dll

dbghelp: loaded successfully - version: 4.0.5 - missing functions: none
symbol engine: initialized successfully - sym options: 0x614 - pdb path: .;C:\Program Files\Java\jdk-21\bin;C:\Windows\SYSTEM32;C:\Program Files\Avast Software\Avast;C:\Windows\WinSxS\amd64_microsoft.windows.common-controls_6595b64144ccf1df_6.0.19041.6456_none_60b8a6cb71f64256;C:\Program Files\Java\jdk-21\bin\server;C:\Program Files\apache-maven-3.9.11\lib\jansi-native\Windows\x86_64

VM Arguments:
jvm_args: --enable-native-access=ALL-UNNAMED -Dclassworlds.conf=C:\Program Files\apache-maven-3.9.11\bin\m2.conf -Dmaven.home=C:\Program Files\apache-maven-3.9.11 -Dlibrary.jansi.path=C:\Program Files\apache-maven-3.9.11\lib\jansi-native -Dmaven.multiModuleProjectDirectory=C:\Users\Nelson\Downloads\speedrun 
java_command: org.codehaus.plexus.classworlds.launcher.Launcher clean compile
java_class_path (initial): C:\Program Files\apache-maven-3.9.11\boot\plexus-classworlds-2.9.0.jar
Launcher Type: SUN_STANDARD

[Global flags]
     intx CICompilerCount                          = 3                                         {product} {ergonomic}
     uint ConcGCThreads                            = 1                                         {product} {ergonomic}
     uint G1ConcRefinementThreads                  = 4                                         {product} {ergonomic}
   size_t G1HeapRegionSize                         = 1048576                                   {product} {ergonomic}
    uintx GCDrainStackTargetSize                   = 64                                        {product} {ergonomic}
   size_t InitialHeapSize                          = 67108864                                  {product} {ergonomic}
   size_t MarkStackSize                            = 4194304                                   {product} {ergonomic}
   size_t MaxHeapSize                              = 1046478848                                {product} {ergonomic}
   size_t MaxNewSize                               = 627048448                                 {product} {ergonomic}
   size_t MinHeapDeltaBytes                        = 1048576                                   {product} {ergonomic}
   size_t MinHeapSize                              = 8388608                                   {product} {ergonomic}
    uintx NonNMethodCodeHeapSize                   = 5832780                                {pd product} {ergonomic}
    uintx NonProfiledCodeHeapSize                  = 122912730                              {pd product} {ergonomic}
    uintx ProfiledCodeHeapSize                     = 122912730                              {pd product} {ergonomic}
    uintx ReservedCodeCacheSize                    = 251658240                              {pd product} {ergonomic}
     bool SegmentedCodeCache                       = true                                      {product} {ergonomic}
   size_t SoftMaxHeapSize                          = 1046478848                             {manageable} {ergonomic}
     bool UseCompressedOops                        = true                           {product lp64_product} {ergonomic}
     bool UseG1GC                                  = true                                      {product} {ergonomic}
     bool UseLargePagesIndividualAllocation        = false                                  {pd product} {ergonomic}

Logging:
Log output configuration:
 #0: stdout all=warning uptime,level,tags foldmultilines=false
 #1: stderr all=off uptime,level,tags foldmultilines=false

Environment Variables:
JAVA_HOME=C:\Program Files\Java\jdk-21
PATH=C:\Program Files\Common Files\Oracle\Java\javapath;C:\Windows\system32;C:\Windows;C:\Windows\System32\Wbem;C:\Windows\System32\WindowsPowerShell\v1.0\;C:\Windows\System32\OpenSSH\;C:\Program Files\nodejs\;C:\Program Files\Git\cmd;C:\Program Files\MongoDB\Tools\100\bin;C:\Program Files (x86)\Microsoft SQL Server\160\Tools\Binn\;C:\Program Files\Microsoft SQL Server\160\Tools\Binn\;C:\Program Files\Microsoft SQL Server\Client SDK\ODBC\170\Tools\Binn\;C:\Program Files\Microsoft SQL Server\160\DTS\Binn\;C:\Program Files\Java\jdk-21\bin;C:\Android\Sdk\platform-tools;C:\Android\Sdk\cmdline-tools\latest\bin;C:\Android\Sdk\platform-tools;C:\Program Files\dotnet\;C:\Program Files\apache-maven-3.9.6\bin;C:\Program Files\apache-maven-3.9.11\bin;C:\Program Files\MySQL\MySQL Shell 8.0\bin\;C:\Users\Nelson\.local\bin;C:\Users\Nelson\mongodb-database-tools-windows-x86_64-100.13.0\bin;C:\Users\Nelson\AppData\Local\Programs\Microsoft VS Code\bin;C:\Program Files\MongoDB\Server\8.2\bin;
USERNAME=Nelson
OS=Windows_NT
PROCESSOR_IDENTIFIER=Intel64 Family 6 Model 42 Stepping 7, GenuineIntel
TMP=C:\Users\Nelson\AppData\Local\Temp
TEMP=C:\Users\Nelson\AppData\Local\Temp




Periodic native trim disabled

---------------  S Y S T E M  ---------------

OS:
 Windows 10 , 64 bit Build 19041 (10.0.19041.5915)
OS uptime: 1 days 2:13 hours

CPU: total 4 (initial active 4) (2 cores per cpu, 2 threads per core) family 6 model 42 stepping 7 microcode 0x2f, cx8, cmov, fxsr, ht, mmx, sse, sse2, sse3, ssse3, sse4.1, sse4.2, popcnt, tsc, tscinvbit, avx, clmul, vzeroupper, clflush, rdtscp
Processor Information for all 4 processors :
  Max Mhz: 3100, Current Mhz: 3100, Mhz Limit: 3100

Memory: 4k page, system-wide physical 3986M (274M free)
TotalPageFile size 20370M (AvailPageFile size 17M)
current process WorkingSet (physical memory assigned to process): 200M, peak: 217M
current process commit charge ("private bytes"): 242M, peak: 248M

vm_info: Java HotSpot(TM) 64-Bit Server VM (21.0.8+12-LTS-250) for windows-amd64 JRE (21.0.8+12-LTS-250), built on 2025-06-27T08:11:22Z by "mach5one" with MS VC++ 17.6 (VS2022)

END.
